<?xml version="1.0" encoding="UTF-8"?>
<!-- Generated by org.testng.reporters.JUnitReportReporter -->
<testsuite skipped="0" hostname="ZIVLPT243" name="com.api.testcase.TC003_POST_Employee_Record" tests="7" failures="0" timestamp="18 Feb 2020 16:58:17 GMT" time="0.048" errors="0">
  <testcase name="checkContentLength" time="0.008" classname="com.api.testcase.TC003_POST_Employee_Record"/>
  <testcase name="checkContentType" time="0.008" classname="com.api.testcase.TC003_POST_Employee_Record"/>
  <testcase name="checkServerType" time="0.003" classname="com.api.testcase.TC003_POST_Employee_Record"/>
  <testcase name="checkResponseTime" time="0.007" classname="com.api.testcase.TC003_POST_Employee_Record"/>
  <testcase name="checkStatusCode" time="0.006" classname="com.api.testcase.TC003_POST_Employee_Record"/>
  <testcase name="checkResponseBody" time="0.012" classname="com.api.testcase.TC003_POST_Employee_Record"/>
  <testcase name="checkStatusLine" time="0.004" classname="com.api.testcase.TC003_POST_Employee_Record"/>
</testsuite> <!-- com.api.testcase.TC003_POST_Employee_Record -->
