<?xml version="1.0" encoding="UTF-8"?>
<!-- Generated by org.testng.reporters.JUnitReportReporter -->
<testsuite skipped="0" hostname="ZIVLPT243" name="com.api.testcase.TC001_Get_All_Employees" tests="9" failures="0" timestamp="18 Feb 2020 17:33:11 GMT" time="0.167" errors="0">
  <testcase name="checkContentType" time="0.002" classname="com.api.testcase.TC001_Get_All_Employees"/>
  <testcase name="checkContentEncoding" time="0.006" classname="com.api.testcase.TC001_Get_All_Employees"/>
  <testcase name="checkStatusCode" time="0.001" classname="com.api.testcase.TC001_Get_All_Employees"/>
  <testcase name="checkContentLength" time="0.002" classname="com.api.testcase.TC001_Get_All_Employees"/>
  <testcase name="checkResponseBody" time="0.148" classname="com.api.testcase.TC001_Get_All_Employees"/>
  <testcase name="checkResponseTime" time="0.002" classname="com.api.testcase.TC001_Get_All_Employees"/>
  <testcase name="checkCookies" time="0.002" classname="com.api.testcase.TC001_Get_All_Employees"/>
  <testcase name="checkStatusLine" time="0.002" classname="com.api.testcase.TC001_Get_All_Employees"/>
  <testcase name="checkServerType" time="0.002" classname="com.api.testcase.TC001_Get_All_Employees"/>
</testsuite> <!-- com.api.testcase.TC001_Get_All_Employees -->
